This is pdfTeX, Version 3.141592653-2.6-1.40.23 (TeX Live 2021/W32TeX) (preloaded format=pdflatex 2021.8.26)  26 AUG 2021 19:31
entering extended mode
 \write18 enabled.
 %&-line parsing enabled.
**C:/Users/Usuario/Matheus/Rproj/Projeto_Metodos_Estatisticos/Relatorio.tex
(c:/Users/Usuario/Matheus/Rproj/Projeto_Metodos_Estatisticos/Relatorio.tex
LaTeX2e <2021-06-01> patch level 1
L3 programming layer <2021-07-12>
(c:/Users/Usuario/AppData/Roaming/TinyTeX/texmf-dist/tex/latex/base/article.cls
Document Class: article 2021/02/12 v1.4n Standard LaTeX document class
(c:/Users/Usuario/AppData/Roaming/TinyTeX/texmf-dist/tex/latex/base/size12.clo
File: size12.clo 2021/02/12 v1.4n Standard LaTeX file (size option)
)
\c@part=\count182
\c@section=\count183
\c@subsection=\count184
\c@subsubsection=\count185
\c@paragraph=\count186
\c@subparagraph=\count187
\c@figure=\count188
\c@table=\count189
\abovecaptionskip=\skip47
\belowcaptionskip=\skip48
\bibindent=\dimen138
)
(c:/Users/Usuario/AppData/Roaming/TinyTeX/texmf-dist/tex/latex/base/fontenc.sty
Package: fontenc 2021/04/29 v2.0v Standard LaTeX package
)
(c:/Users/Usuario/AppData/Roaming/TinyTeX/texmf-dist/tex/latex/base/inputenc.st
y
Package: inputenc 2021/02/14 v1.3d Input encoding file
\inpenc@prehook=\toks16
\inpenc@posthook=\toks17
)
(c:/Users/Usuario/AppData/Roaming/TinyTeX/texmf-dist/tex/generic/babel/babel.st
y
Package: babel 2021/07/22 3.63 The Babel package

(c:/Users/Usuario/AppData/Roaming/TinyTeX/texmf-dist/tex/generic/babel/babel.de
f
File: babel.def 2021/07/22 3.63 Babel common definitions
\babel@savecnt=\count190
\U@D=\dimen139
\l@unhyphenated=\language3

(c:/Users/Usuario/AppData/Roaming/TinyTeX/texmf-dist/tex/generic/babel/txtbabel
.def)
\bbl@readstream=\read2
)
\bbl@dirlevel=\count191

(c:/Users/Usuario/AppData/Roaming/TinyTeX/texmf-dist/tex/generic/babel-portuges
/portuguese.ldf
Language: portuges 2021/07/09 v1.2t Portuguese support from the babel system

Package babel Warning: No hyphenation patterns were preloaded for
(babel)                the language 'Portuguese' into the format.
(babel)                Please, configure your TeX system to add them and
(babel)                rebuild the format. Now I will use the patterns
(babel)                preloaded for \language=0 instead on input line 53.

Package babel Info: Hyphen rules for 'portuges' set to \l@english
(babel)             (\language0). Reported on input line 54.
Package babel Info: Making " an active character on input line 143.
)) (c:/Users/Usuario/AppData/Roaming/TinyTeX/texmf-dist/tex/latex/float/float.s
ty
Package: float 2001/11/08 v1.3d Float enhancements (AL)
\c@float@type=\count192
\float@exts=\toks18
\float@box=\box50
\@float@everytoks=\toks19
\@floatcapt=\box51
)
(c:/Users/Usuario/AppData/Roaming/TinyTeX/texmf-dist/tex/latex/natbib/natbib.st
y
Package: natbib 2010/09/13 8.31b (PWD, AO)
\bibhang=\skip49
\bibsep=\skip50
LaTeX Info: Redefining \cite on input line 694.
\c@NAT@ctr=\count193
) (c:/Program Files/R/R-4.1.1/share/texmf/tex/latex/Sweave.sty
Package: Sweave 
(c:/Users/Usuario/AppData/Roaming/TinyTeX/texmf-dist/tex/latex/base/ifthen.sty
Package: ifthen 2020/11/24 v1.1c Standard LaTeX ifthen package (DPC)
)
(c:/Users/Usuario/AppData/Roaming/TinyTeX/texmf-dist/tex/latex/graphics/graphic
x.sty
Package: graphicx 2020/12/05 v1.2c Enhanced LaTeX Graphics (DPC,SPQR)

(c:/Users/Usuario/AppData/Roaming/TinyTeX/texmf-dist/tex/latex/graphics/keyval.
sty
Package: keyval 2014/10/28 v1.15 key=value parser (DPC)
\KV@toks@=\toks20
)
(c:/Users/Usuario/AppData/Roaming/TinyTeX/texmf-dist/tex/latex/graphics/graphic
s.sty
Package: graphics 2021/03/04 v1.4d Standard LaTeX Graphics (DPC,SPQR)

(c:/Users/Usuario/AppData/Roaming/TinyTeX/texmf-dist/tex/latex/graphics/trig.st
y
Package: trig 2016/01/03 v1.10 sin cos tan (DPC)
)
(c:/Users/Usuario/AppData/Roaming/TinyTeX/texmf-dist/tex/latex/graphics-cfg/gra
phics.cfg
File: graphics.cfg 2016/06/04 v1.11 sample graphics configuration
)
Package graphics Info: Driver file: pdftex.def on input line 107.

(c:/Users/Usuario/AppData/Roaming/TinyTeX/texmf-dist/tex/latex/graphics-def/pdf
tex.def
File: pdftex.def 2020/10/05 v1.2a Graphics/color driver for pdftex
))
\Gin@req@height=\dimen140
\Gin@req@width=\dimen141
)
(c:/Users/Usuario/AppData/Roaming/TinyTeX/texmf-dist/tex/latex/fancyvrb/fancyvr
b.sty
Package: fancyvrb 2021/08/12 v3.8 verbatim text (tvz,hv)
\FV@CodeLineNo=\count194
\FV@InFile=\read3
\FV@TabBox=\box52
\c@FancyVerbLine=\count195
\FV@StepNumber=\count196
\FV@OutFile=\write3
)
(c:/Users/Usuario/AppData/Roaming/TinyTeX/texmf-dist/tex/latex/base/textcomp.st
y
Package: textcomp 2020/02/02 v2.0n Standard LaTeX package
)
(c:/Users/Usuario/AppData/Roaming/TinyTeX/texmf-dist/tex/latex/base/fontenc.sty
Package: fontenc 2021/04/29 v2.0v Standard LaTeX package
) (c:/Users/Usuario/AppData/Roaming/TinyTeX/texmf-dist/tex/latex/ae/ae.sty
Package: ae 2001/02/12 1.3 Almost European Computer Modern

(c:/Users/Usuario/AppData/Roaming/TinyTeX/texmf-dist/tex/latex/base/fontenc.sty
Package: fontenc 2021/04/29 v2.0v Standard LaTeX package
)))
LaTeX Font Info:    Trying to load font information for T1+aer on input line 9.

(c:/Users/Usuario/AppData/Roaming/TinyTeX/texmf-dist/tex/latex/ae/t1aer.fd
File: t1aer.fd 1997/11/16 Font definitions for T1/aer.
)
(c:/Users/Usuario/AppData/Roaming/TinyTeX/texmf-dist/tex/latex/l3backend/l3back
end-pdftex.def
File: l3backend-pdftex.def 2021-08-04 L3 backend support: PDF output (pdfTeX)
\l__color_backend_stack_int=\count197
\l__pdf_internal_box=\box53
) (./Relatorio.aux)
\openout1 = `Relatorio.aux'.

LaTeX Font Info:    Checking defaults for OML/cmm/m/it on input line 9.
LaTeX Font Info:    ... okay on input line 9.
LaTeX Font Info:    Checking defaults for OMS/cmsy/m/n on input line 9.
LaTeX Font Info:    ... okay on input line 9.
LaTeX Font Info:    Checking defaults for OT1/cmr/m/n on input line 9.
LaTeX Font Info:    ... okay on input line 9.
LaTeX Font Info:    Checking defaults for T1/cmr/m/n on input line 9.
LaTeX Font Info:    ... okay on input line 9.
LaTeX Font Info:    Checking defaults for TS1/cmr/m/n on input line 9.
LaTeX Font Info:    ... okay on input line 9.
LaTeX Font Info:    Checking defaults for OMX/cmex/m/n on input line 9.
LaTeX Font Info:    ... okay on input line 9.
LaTeX Font Info:    Checking defaults for U/cmr/m/n on input line 9.
LaTeX Font Info:    ... okay on input line 9.

(c:/Users/Usuario/AppData/Roaming/TinyTeX/texmf-dist/tex/latex/epstopdf-pkg/eps
topdf-base.sty
Package: epstopdf-base 2020-01-24 v2.11 Base part for package epstopdf

(c:/Users/Usuario/AppData/Roaming/TinyTeX/texmf-dist/tex/generic/infwarerr/infw
arerr.sty
Package: infwarerr 2019/12/03 v1.5 Providing info/warning/error messages (HO)
)
(c:/Users/Usuario/AppData/Roaming/TinyTeX/texmf-dist/tex/latex/grfext/grfext.st
y
Package: grfext 2019/12/03 v1.3 Manage graphics extensions (HO)

(c:/Users/Usuario/AppData/Roaming/TinyTeX/texmf-dist/tex/generic/kvdefinekeys/k
vdefinekeys.sty
Package: kvdefinekeys 2019-12-19 v1.6 Define keys (HO)
))
(c:/Users/Usuario/AppData/Roaming/TinyTeX/texmf-dist/tex/latex/kvoptions/kvopti
ons.sty
Package: kvoptions 2020-10-07 v3.14 Key value format for package options (HO)

(c:/Users/Usuario/AppData/Roaming/TinyTeX/texmf-dist/tex/generic/ltxcmds/ltxcmd
s.sty
Package: ltxcmds 2020-05-10 v1.25 LaTeX kernel commands for general use (HO)
)
(c:/Users/Usuario/AppData/Roaming/TinyTeX/texmf-dist/tex/generic/kvsetkeys/kvse
tkeys.sty
Package: kvsetkeys 2019/12/15 v1.18 Key value parser (HO)
))
(c:/Users/Usuario/AppData/Roaming/TinyTeX/texmf-dist/tex/generic/pdftexcmds/pdf
texcmds.sty
Package: pdftexcmds 2020-06-27 v0.33 Utility functions of pdfTeX for LuaTeX (HO
)

(c:/Users/Usuario/AppData/Roaming/TinyTeX/texmf-dist/tex/generic/iftex/iftex.st
y
Package: iftex 2020/03/06 v1.0d TeX engine tests
)
Package pdftexcmds Info: \pdf@primitive is available.
Package pdftexcmds Info: \pdf@ifprimitive is available.
Package pdftexcmds Info: \pdfdraftmode found.
)
Package epstopdf-base Info: Redefining graphics rule for `.eps' on input line 4
85.
Package grfext Info: Graphics extension search list:
(grfext)             [.pdf,.png,.jpg,.mps,.jpeg,.jbig2,.jb2,.PDF,.PNG,.JPG,.JPE
G,.JBIG2,.JB2,.eps]
(grfext)             \AppendGraphicsExtensions on input line 504.

(c:/Users/Usuario/AppData/Roaming/TinyTeX/texmf-dist/tex/latex/latexconfig/epst
opdf-sys.cfg
File: epstopdf-sys.cfg 2010/07/13 v1.3 Configuration of (r)epstopdf for TeX Liv
e
)) (./Relatorio-concordance.tex)
LaTeX Font Info:    External font `cmex10' loaded for size
(Font)              <14.4> on input line 16.
LaTeX Font Info:    External font `cmex10' loaded for size
(Font)              <7> on input line 16.
[1

{c:/Users/Usuario/AppData/Roaming/TinyTeX/texmf-var/fonts/map/pdftex/updmap/pdf
tex.map}] (./Relatorio.aux) ) 
Here is how much of TeX's memory you used:
 3570 strings out of 480502
 57817 string characters out of 5897829
 359287 words of memory out of 5000000
 21188 multiletter control sequences out of 15000+600000
 417980 words of font info for 53 fonts, out of 8000000 for 9000
 14 hyphenation exceptions out of 8191
 72i,6n,80p,274b,193s stack positions out of 5000i,500n,10000p,200000b,80000s
<c:/Users/Usuario/AppData/Roaming/TinyTeX/texmf-di
st/fonts/type1/public/amsfonts/cm/cmb10.pfb><c:/Users/Usuario/AppData/Roaming/T
inyTeX/texmf-dist/fonts/type1/public/amsfonts/cm/cmr12.pfb><c:/Users/Usuario/Ap
pData/Roaming/TinyTeX/texmf-dist/fonts/type1/public/amsfonts/cm/cmr17.pfb>
Output written on Relatorio.pdf (1 page, 33108 bytes).
PDF statistics:
 24 PDF objects out of 1000 (max. 8388607)
 13 compressed objects within 1 object stream
 0 named destinations out of 1000 (max. 500000)
 5 words of extra memory for PDF output out of 10000 (max. 10000000)

